{"C:\\Users\\jorge.moreno\\Documents\\projects\\nestjs-user-hexagonal\\src\\shared\\entities\\user.entity.ts": {"path":"C:\\Users\\jorge.moreno\\Documents\\projects\\nestjs-user-hexagonal\\src\\shared\\entities\\user.entity.ts","statementMap":{"0":{"start":{"line":1,"column":0},"end":{"line":1,"column":63}},"1":{"start":{"line":6,"column":7},"end":{"line":21,"column":null}},"2":{"start":{"line":6,"column":13},"end":{"line":6,"column":17}},"3":{"start":{"line":8,"column":4},"end":{"line":8,"column":null}},"4":{"start":{"line":11,"column":4},"end":{"line":11,"column":null}},"5":{"start":{"line":14,"column":4},"end":{"line":14,"column":null}},"6":{"start":{"line":17,"column":4},"end":{"line":17,"column":null}},"7":{"start":{"line":20,"column":4},"end":{"line":20,"column":null}},"8":{"start":{"line":6,"column":13},"end":{"line":21,"column":null}},"9":{"start":{"line":23,"column":13},"end":{"line":23,"column":61}}},"fnMap":{},"branchMap":{},"s":{"0":1,"1":1,"2":1,"3":1,"4":1,"5":1,"6":1,"7":1,"8":1,"9":1},"f":{},"b":{}}
,"C:\\Users\\jorge.moreno\\Documents\\projects\\nestjs-user-hexagonal\\src\\user\\application\\use-cases\\register-user.use-case.ts": {"path":"C:\\Users\\jorge.moreno\\Documents\\projects\\nestjs-user-hexagonal\\src\\user\\application\\use-cases\\register-user.use-case.ts","statementMap":{"0":{"start":{"line":1,"column":0},"end":{"line":1,"column":44}},"1":{"start":{"line":2,"column":0},"end":{"line":2,"column":65}},"2":{"start":{"line":8,"column":7},"end":{"line":21,"column":null}},"3":{"start":{"line":9,"column":33},"end":{"line":9,"column":46}},"4":{"start":{"line":12,"column":8},"end":{"line":12,"column":62}},"5":{"start":{"line":16,"column":8},"end":{"line":16,"column":58}},"6":{"start":{"line":19,"column":8},"end":{"line":19,"column":64}},"7":{"start":{"line":8,"column":13},"end":{"line":8,"column":24}},"8":{"start":{"line":8,"column":13},"end":{"line":21,"column":null}}},"fnMap":{"0":{"name":"(anonymous_2)","decl":{"start":{"line":9,"column":4},"end":{"line":9,"column":33}},"loc":{"start":{"line":9,"column":57},"end":{"line":9,"column":61}}},"1":{"name":"(anonymous_3)","decl":{"start":{"line":11,"column":4},"end":{"line":11,"column":9}},"loc":{"start":{"line":11,"column":51},"end":{"line":13,"column":5}}},"2":{"name":"(anonymous_4)","decl":{"start":{"line":15,"column":4},"end":{"line":15,"column":9}},"loc":{"start":{"line":15,"column":46},"end":{"line":17,"column":5}}},"3":{"name":"(anonymous_5)","decl":{"start":{"line":18,"column":4},"end":{"line":18,"column":9}},"loc":{"start":{"line":18,"column":61},"end":{"line":20,"column":5}}}},"branchMap":{},"s":{"0":1,"1":1,"2":1,"3":4,"4":1,"5":1,"6":1,"7":1,"8":1},"f":{"0":4,"1":1,"2":1,"3":1},"b":{}}
,"C:\\Users\\jorge.moreno\\Documents\\projects\\nestjs-user-hexagonal\\src\\user\\domain\\services\\user.services.ts": {"path":"C:\\Users\\jorge.moreno\\Documents\\projects\\nestjs-user-hexagonal\\src\\user\\domain\\services\\user.services.ts","statementMap":{"0":{"start":{"line":1,"column":0},"end":{"line":1,"column":null}},"1":{"start":{"line":8,"column":0},"end":{"line":8,"column":60}},"2":{"start":{"line":10,"column":0},"end":{"line":10,"column":41}},"3":{"start":{"line":12,"column":0},"end":{"line":12,"column":52}},"4":{"start":{"line":14,"column":0},"end":{"line":14,"column":33}},"5":{"start":{"line":17,"column":7},"end":{"line":71,"column":null}},"6":{"start":{"line":20,"column":25},"end":{"line":20,"column":55}},"7":{"start":{"line":21,"column":16},"end":{"line":21,"column":28}},"8":{"start":{"line":22,"column":49},"end":{"line":22,"column":57}},"9":{"start":{"line":26,"column":8},"end":{"line":43,"column":9}},"10":{"start":{"line":27,"column":28},"end":{"line":27,"column":38}},"11":{"start":{"line":28,"column":12},"end":{"line":28,"column":46}},"12":{"start":{"line":29,"column":12},"end":{"line":29,"column":48}},"13":{"start":{"line":30,"column":12},"end":{"line":30,"column":54}},"14":{"start":{"line":31,"column":12},"end":{"line":31,"column":54}},"15":{"start":{"line":32,"column":12},"end":{"line":32,"column":68}},"16":{"start":{"line":33,"column":12},"end":{"line":33,"column":58}},"17":{"start":{"line":34,"column":12},"end":{"line":34,"column":54}},"18":{"start":{"line":35,"column":12},"end":{"line":35,"column":27}},"19":{"start":{"line":37,"column":12},"end":{"line":40,"column":13}},"20":{"start":{"line":38,"column":16},"end":{"line":38,"column":73}},"21":{"start":{"line":39,"column":16},"end":{"line":39,"column":85}},"22":{"start":{"line":41,"column":12},"end":{"line":41,"column":57}},"23":{"start":{"line":42,"column":12},"end":{"line":42,"column":80}},"24":{"start":{"line":47,"column":21},"end":{"line":47,"column":78}},"25":{"start":{"line":48,"column":8},"end":{"line":50,"column":9}},"26":{"start":{"line":49,"column":12},"end":{"line":49,"column":70}},"27":{"start":{"line":52,"column":24},"end":{"line":52,"column":60}},"28":{"start":{"line":54,"column":29},"end":{"line":54,"column":69}},"29":{"start":{"line":55,"column":43},"end":{"line":61,"column":10}},"30":{"start":{"line":62,"column":8},"end":{"line":62,"column":63}},"31":{"start":{"line":63,"column":8},"end":{"line":63,"column":28}},"32":{"start":{"line":67,"column":8},"end":{"line":67,"column":40}},"33":{"start":{"line":68,"column":19},"end":{"line":68,"column":45}},"34":{"start":{"line":69,"column":8},"end":{"line":69,"column":60}},"35":{"start":{"line":17,"column":13},"end":{"line":17,"column":24}},"36":{"start":{"line":17,"column":13},"end":{"line":71,"column":null}}},"fnMap":{"0":{"name":"(anonymous_4)","decl":{"start":{"line":18,"column":4},"end":{"line":18,"column":null}},"loc":{"start":{"line":22,"column":68},"end":{"line":23,"column":8}}},"1":{"name":"(anonymous_5)","decl":{"start":{"line":25,"column":4},"end":{"line":25,"column":9}},"loc":{"start":{"line":25,"column":47},"end":{"line":44,"column":5}}},"2":{"name":"(anonymous_6)","decl":{"start":{"line":46,"column":4},"end":{"line":46,"column":9}},"loc":{"start":{"line":46,"column":43},"end":{"line":64,"column":5}}},"3":{"name":"(anonymous_7)","decl":{"start":{"line":66,"column":4},"end":{"line":66,"column":9}},"loc":{"start":{"line":66,"column":61},"end":{"line":70,"column":5}}}},"branchMap":{"0":{"loc":{"start":{"line":31,"column":28},"end":{"line":31,"column":53}},"type":"binary-expr","locations":[{"start":{"line":31,"column":28},"end":{"line":31,"column":47}},{"start":{"line":31,"column":51},"end":{"line":31,"column":53}}]},"1":{"loc":{"start":{"line":32,"column":35},"end":{"line":32,"column":67}},"type":"binary-expr","locations":[{"start":{"line":32,"column":35},"end":{"line":32,"column":61}},{"start":{"line":32,"column":65},"end":{"line":32,"column":67}}]},"2":{"loc":{"start":{"line":37,"column":12},"end":{"line":40,"column":13}},"type":"if","locations":[{"start":{"line":37,"column":12},"end":{"line":40,"column":13}}]},"3":{"loc":{"start":{"line":48,"column":8},"end":{"line":50,"column":9}},"type":"if","locations":[{"start":{"line":48,"column":8},"end":{"line":50,"column":9}}]}},"s":{"0":1,"1":1,"2":1,"3":1,"4":1,"5":1,"6":0,"7":0,"8":0,"9":0,"10":0,"11":0,"12":0,"13":0,"14":0,"15":0,"16":0,"17":0,"18":0,"19":0,"20":0,"21":0,"22":0,"23":0,"24":0,"25":0,"26":0,"27":0,"28":0,"29":0,"30":0,"31":0,"32":0,"33":0,"34":0,"35":1,"36":1},"f":{"0":0,"1":0,"2":0,"3":0},"b":{"0":[0,0],"1":[0,0],"2":[0],"3":[0]}}
}
