TN:
SF:src\shared\entities\user.entity.ts
FNF:0
FNH:0
DA:1,1
DA:6,1
DA:8,1
DA:11,1
DA:14,1
DA:17,1
DA:20,1
DA:23,1
LF:8
LH:8
BRF:0
BRH:0
end_of_record
TN:
SF:src\user\domain\services\user.services.ts
FN:18,(anonymous_4)
FN:25,(anonymous_5)
FN:46,(anonymous_6)
FN:66,(anonymous_7)
FNF:4
FNH:4
FNDA:5,(anonymous_4)
FNDA:2,(anonymous_5)
FNDA:2,(anonymous_6)
FNDA:1,(anonymous_7)
DA:1,1
DA:8,1
DA:10,1
DA:12,1
DA:14,1
DA:17,1
DA:20,5
DA:21,5
DA:22,5
DA:26,2
DA:27,2
DA:28,2
DA:29,2
DA:30,2
DA:31,2
DA:32,2
DA:33,2
DA:34,2
DA:35,1
DA:37,1
DA:38,1
DA:39,1
DA:41,0
DA:42,0
DA:47,2
DA:48,2
DA:49,1
DA:52,1
DA:54,1
DA:55,1
DA:62,1
DA:63,1
DA:67,1
DA:68,1
DA:69,1
LF:35
LH:33
BRDA:31,0,0,2
BRDA:31,0,1,0
BRDA:32,1,0,2
BRDA:32,1,1,2
BRDA:37,2,0,1
BRDA:48,3,0,1
BRF:6
BRH:5
end_of_record
